# JRE version: OpenJDK Runtime Environment (8.0_141-b15) (build 1.8.0_141-b15)
# Java VM: OpenJDK 64-Bit Server VM (25.141-b15 mixed mode linux-amd64 compressed oops)
Heap:
 PSYoungGen      total 238080K, used 6141K [0x00000000ec400000, 0x00000000fbe00000, 0x0000000100000000)
  eden space 231936K, 0% used [0x00000000ec400000,0x00000000ec400000,0x00000000fa680000)
  from space 6144K, 99% used [0x00000000fb200000,0x00000000fb7ff640,0x00000000fb800000)
  to   space 4096K, 0% used [0x00000000fba00000,0x00000000fba00000,0x00000000fbe00000)
 ParOldGen       total 48640K, used 17333K [0x00000000c4c00000, 0x00000000c7b80000, 0x00000000ec400000)
  object space 48640K, 35% used [0x00000000c4c00000,0x00000000c5ced570,0x00000000c7b80000)
 Metaspace       used 42530K, capacity 58941K, committed 59096K, reserved 1091584K
  class space    used 10397K, capacity 17198K, committed 17280K, reserved 1048576K
GC Heap History (10 events):
Event: 3.260 GC heap after
Heap after GC invocations=8 (full 1):
 PSYoungGen      total 129024K, used 2449K [0x00000000ec400000, 0x00000000f8900000, 0x0000000100000000)
  eden space 122880K, 0% used [0x00000000ec400000,0x00000000ec400000,0x00000000f3c00000)
  from space 6144K, 39% used [0x00000000f3c00000,0x00000000f3e64788,0x00000000f4200000)
  to   space 6656K, 0% used [0x00000000f8280000,0x00000000f8280000,0x00000000f8900000)
 ParOldGen       total 34816K, used 9569K [0x00000000c4c00000, 0x00000000c6e00000, 0x00000000ec400000)
  object space 34816K, 27% used [0x00000000c4c00000,0x00000000c5558778,0x00000000c6e00000)
 Metaspace       used 21972K, capacity 27367K, committed 27520K, reserved 1069056K
  class space    used 5080K, capacity 7179K, committed 7296K, reserved 1048576K
}
Event: 3.975 GC heap before
{Heap before GC invocations=9 (full 1):
 PSYoungGen      total 129024K, used 125329K [0x00000000ec400000, 0x00000000f8900000, 0x0000000100000000)
  eden space 122880K, 100% used [0x00000000ec400000,0x00000000f3c00000,0x00000000f3c00000)
  from space 6144K, 39% used [0x00000000f3c00000,0x00000000f3e64788,0x00000000f4200000)
  to   space 6656K, 0% used [0x00000000f8280000,0x00000000f8280000,0x00000000f8900000)
 ParOldGen       total 34816K, used 9569K [0x00000000c4c00000, 0x00000000c6e00000, 0x00000000ec400000)
  object space 34816K, 27% used [0x00000000c4c00000,0x00000000c5558778,0x00000000c6e00000)
 Metaspace       used 25226K, capacity 34527K, committed 34688K, reserved 1075200K
  class space    used 6138K, capacity 9555K, committed 9600K, reserved 1048576K
Event: 3.982 GC heap after
Heap after GC invocations=9 (full 1):
 PSYoungGen      total 187904K, used 4332K [0x00000000ec400000, 0x00000000f8700000, 0x0000000100000000)
  eden space 183296K, 0% used [0x00000000ec400000,0x00000000ec400000,0x00000000f7700000)
  from space 4608K, 94% used [0x00000000f8280000,0x00000000f86bb3c0,0x00000000f8700000)
  to   space 6144K, 0% used [0x00000000f7b00000,0x00000000f7b00000,0x00000000f8100000)
 ParOldGen       total 34816K, used 9577K [0x00000000c4c00000, 0x00000000c6e00000, 0x00000000ec400000)
  object space 34816K, 27% used [0x00000000c4c00000,0x00000000c555a778,0x00000000c6e00000)
 Metaspace       used 25226K, capacity 34527K, committed 34688K, reserved 1075200K
  class space    used 6138K, capacity 9555K, committed 9600K, reserved 1048576K
}
Event: 4.101 GC heap before
{Heap before GC invocations=10 (full 1):
 PSYoungGen      total 187904K, used 29911K [0x00000000ec400000, 0x00000000f8700000, 0x0000000100000000)
  eden space 183296K, 13% used [0x00000000ec400000,0x00000000edcfa9a8,0x00000000f7700000)
  from space 4608K, 94% used [0x00000000f8280000,0x00000000f86bb3c0,0x00000000f8700000)
  to   space 6144K, 0% used [0x00000000f7b00000,0x00000000f7b00000,0x00000000f8100000)
 ParOldGen       total 34816K, used 9577K [0x00000000c4c00000, 0x00000000c6e00000, 0x00000000ec400000)
  object space 34816K, 27% used [0x00000000c4c00000,0x00000000c555a778,0x00000000c6e00000)
 Metaspace       used 25792K, capacity 35429K, committed 35456K, reserved 1075200K
  class space    used 6267K, capacity 9833K, committed 9856K, reserved 1048576K
Event: 4.108 GC heap after
Heap after GC invocations=10 (full 1):
 PSYoungGen      total 193536K, used 4539K [0x00000000ec400000, 0x00000000fc000000, 0x0000000100000000)
  eden space 187392K, 0% used [0x00000000ec400000,0x00000000ec400000,0x00000000f7b00000)
  from space 6144K, 73% used [0x00000000f7b00000,0x00000000f7f6edf8,0x00000000f8100000)
  to   space 6144K, 0% used [0x00000000fba00000,0x00000000fba00000,0x00000000fc000000)
 ParOldGen       total 34816K, used 9577K [0x00000000c4c00000, 0x00000000c6e00000, 0x00000000ec400000)
  object space 34816K, 27% used [0x00000000c4c00000,0x00000000c555a778,0x00000000c6e00000)
 Metaspace       used 25792K, capacity 35429K, committed 35456K, reserved 1075200K
  class space    used 6267K, capacity 9833K, committed 9856K, reserved 1048576K
}
Event: 4.108 GC heap before
{Heap before GC invocations=11 (full 2):
 PSYoungGen      total 193536K, used 4539K [0x00000000ec400000, 0x00000000fc000000, 0x0000000100000000)
  eden space 187392K, 0% used [0x00000000ec400000,0x00000000ec400000,0x00000000f7b00000)
  from space 6144K, 73% used [0x00000000f7b00000,0x00000000f7f6edf8,0x00000000f8100000)
  to   space 6144K, 0% used [0x00000000fba00000,0x00000000fba00000,0x00000000fc000000)
 ParOldGen       total 34816K, used 9577K [0x00000000c4c00000, 0x00000000c6e00000, 0x00000000ec400000)
  object space 34816K, 27% used [0x00000000c4c00000,0x00000000c555a778,0x00000000c6e00000)
 Metaspace       used 25792K, capacity 35429K, committed 35456K, reserved 1075200K
  class space    used 6267K, capacity 9833K, committed 9856K, reserved 1048576K
Event: 4.196 GC heap after
Heap after GC invocations=11 (full 2):
 PSYoungGen      total 193536K, used 0K [0x00000000ec400000, 0x00000000fc000000, 0x0000000100000000)
  eden space 187392K, 0% used [0x00000000ec400000,0x00000000ec400000,0x00000000f7b00000)
  from space 6144K, 0% used [0x00000000f7b00000,0x00000000f7b00000,0x00000000f8100000)
  to   space 6144K, 0% used [0x00000000fba00000,0x00000000fba00000,0x00000000fc000000)
 ParOldGen       total 48640K, used 11062K [0x00000000c4c00000, 0x00000000c7b80000, 0x00000000ec400000)
  object space 48640K, 22% used [0x00000000c4c00000,0x00000000c56cd858,0x00000000c7b80000)
 Metaspace       used 25792K, capacity 35429K, committed 35456K, reserved 1075200K
  class space    used 6267K, capacity 9833K, committed 9856K, reserved 1048576K
}
Event: 5.296 GC heap before
{Heap before GC invocations=12 (full 2):
 PSYoungGen      total 193536K, used 187392K [0x00000000ec400000, 0x00000000fc000000, 0x0000000100000000)
  eden space 187392K, 100% used [0x00000000ec400000,0x00000000f7b00000,0x00000000f7b00000)
  from space 6144K, 0% used [0x00000000f7b00000,0x00000000f7b00000,0x00000000f8100000)
  to   space 6144K, 0% used [0x00000000fba00000,0x00000000fba00000,0x00000000fc000000)
 ParOldGen       total 48640K, used 11062K [0x00000000c4c00000, 0x00000000c7b80000, 0x00000000ec400000)
  object space 48640K, 22% used [0x00000000c4c00000,0x00000000c56cd858,0x00000000c7b80000)
 Metaspace       used 32087K, capacity 48319K, committed 48512K, reserved 1083392K
  class space    used 7890K, capacity 14667K, committed 14720K, reserved 1048576K
Event: 5.304 GC heap after
Heap after GC invocations=12 (full 2):
 PSYoungGen      total 236032K, used 3847K [0x00000000ec400000, 0x00000000fbe00000, 0x0000000100000000)
  eden space 231936K, 0% used [0x00000000ec400000,0x00000000ec400000,0x00000000fa680000)
  from space 4096K, 93% used [0x00000000fba00000,0x00000000fbdc1de8,0x00000000fbe00000)
  to   space 6144K, 0% used [0x00000000fb200000,0x00000000fb200000,0x00000000fb800000)
 ParOldGen       total 48640K, used 11070K [0x00000000c4c00000, 0x00000000c7b80000, 0x00000000ec400000)
  object space 48640K, 22% used [0x00000000c4c00000,0x00000000c56cf858,0x00000000c7b80000)
 Metaspace       used 32087K, capacity 48319K, committed 48512K, reserved 1083392K
  class space    used 7890K, capacity 14667K, committed 14720K, reserved 1048576K
}
Event: 12.161 GC heap before
{Heap before GC invocations=13 (full 2):
 PSYoungGen      total 236032K, used 54918K [0x00000000ec400000, 0x00000000fbe00000, 0x0000000100000000)
  eden space 231936K, 22% used [0x00000000ec400000,0x00000000ef5dfbc0,0x00000000fa680000)
  from space 4096K, 93% used [0x00000000fba00000,0x00000000fbdc1de8,0x00000000fbe00000)
  to   space 6144K, 0% used [0x00000000fb200000,0x00000000fb200000,0x00000000fb800000)
 ParOldGen       total 48640K, used 11070K [0x00000000c4c00000, 0x00000000c7b80000, 0x00000000ec400000)
  object space 48640K, 22% used [0x00000000c4c00000,0x00000000c56cf858,0x00000000c7b80000)
 Metaspace       used 42530K, capacity 58941K, committed 59096K, reserved 1091584K
  class space    used 10397K, capacity 17198K, committed 17280K, reserved 1048576K

